Started GET "/" for ::1 at 2022-08-24 09:27:09 +0700
  [1m[35m (14.4ms)[0m  [1m[34mSELECT sqlite_version(*)[0m
Processing by Rails::WelcomeController#index as HTML
  Rendering C:/Ruby30-x64/lib/ruby/gems/3.0.0/gems/railties-7.0.3.1/lib/rails/templates/rails/welcome/index.html.erb
  Rendered C:/Ruby30-x64/lib/ruby/gems/3.0.0/gems/railties-7.0.3.1/lib/rails/templates/rails/welcome/index.html.erb (Duration: 38.0ms | Allocations: 878)
Completed 200 OK in 192ms (Views: 84.0ms | ActiveRecord: 0.0ms | Allocations: 8086)


Started GET "/home/top" for ::1 at 2022-08-24 09:29:56 +0700
Processing by HomeController#top as HTML
  Rendering layout layouts/application.html.erb
  Rendering home/top.html.erb within layouts/application
  Rendered home/top.html.erb within layouts/application (Duration: 1.5ms | Allocations: 153)
  Rendered layout layouts/application.html.erb (Duration: 803.6ms | Allocations: 107816)
Completed 200 OK in 820ms (Views: 813.1ms | Allocations: 109119)


Started GET "/home/top" for ::1 at 2022-08-24 09:30:53 +0700
Processing by HomeController#top as HTML
  Rendering layout layouts/application.html.erb
  Rendering home/top.html.erb within layouts/application
  Rendered home/top.html.erb within layouts/application (Duration: 2.9ms | Allocations: 166)
  Rendered layout layouts/application.html.erb (Duration: 16.5ms | Allocations: 3427)
Completed 200 OK in 30ms (Views: 24.9ms | Allocations: 4586)


Started GET "/home/top" for ::1 at 2022-08-24 09:32:46 +0700
Processing by HomeController#top as HTML
  Rendering layout layouts/application.html.erb
  Rendering home/top.html.erb within layouts/application
  Rendered home/top.html.erb within layouts/application (Duration: 0.2ms | Allocations: 17)
  Rendered layout layouts/application.html.erb (Duration: 16.2ms | Allocations: 2769)
Completed 200 OK in 26ms (Views: 20.5ms | Allocations: 3134)


Started GET "/top" for ::1 at 2022-08-24 09:33:11 +0700
Processing by HomeController#top as HTML
  Rendering layout layouts/application.html.erb
  Rendering home/top.html.erb within layouts/application
  Rendered home/top.html.erb within layouts/application (Duration: 0.2ms | Allocations: 25)
  Rendered layout layouts/application.html.erb (Duration: 44.4ms | Allocations: 16367)
Completed 200 OK in 52ms (Views: 48.2ms | Allocations: 17280)


Started GET "/home/top" for ::1 at 2022-08-24 09:33:16 +0700
  
ActionController::RoutingError (No route matches [GET] "/home/top"):
  
Started GET "/about" for ::1 at 2022-08-24 09:35:01 +0700
Processing by HomeController#about as HTML
  Rendering layout layouts/application.html.erb
  Rendering home/about.html.erb within layouts/application
  Rendered home/about.html.erb within layouts/application (Duration: 1.7ms | Allocations: 161)
  Rendered layout layouts/application.html.erb (Duration: 48.1ms | Allocations: 16814)
Completed 200 OK in 64ms (Views: 57.8ms | Allocations: 18051)


Started GET "/about" for ::1 at 2022-08-24 09:36:37 +0700
Processing by HomeController#about as HTML
  Rendering layout layouts/application.html.erb
  Rendering home/about.html.erb within layouts/application
  Rendered home/about.html.erb within layouts/application (Duration: 1.8ms | Allocations: 179)
  Rendered layout layouts/application.html.erb (Duration: 229.7ms | Allocations: 15153)
Completed 500 Internal Server Error in 245ms (Allocations: 16281)


  
LoadError (cannot load such file -- sassc):
  
app/views/layouts/application.html.erb:9
Started GET "/top" for ::1 at 2022-08-24 09:37:31 +0700
Processing by HomeController#top as HTML
  Rendering layout layouts/application.html.erb
  Rendering home/top.html.erb within layouts/application
  Rendered home/top.html.erb within layouts/application (Duration: 3.1ms | Allocations: 148)
  Rendered layout layouts/application.html.erb (Duration: 149.9ms | Allocations: 11544)
Completed 500 Internal Server Error in 157ms (Allocations: 11921)


  
LoadError (cannot load such file -- sassc):
  
app/views/layouts/application.html.erb:9
Started GET "/top" for ::1 at 2022-08-24 09:45:55 +0700
Processing by HomeController#top as HTML
  Rendering layout layouts/application.html.erb
  Rendering home/top.html.erb within layouts/application
  Rendered home/top.html.erb within layouts/application (Duration: 2.6ms | Allocations: 177)
  Rendered layout layouts/application.html.erb (Duration: 152.4ms | Allocations: 12090)
Completed 500 Internal Server Error in 168ms (Allocations: 13185)


  
LoadError (cannot load such file -- sassc):
  
app/views/layouts/application.html.erb:9
Started GET "/top" for ::1 at 2022-08-24 09:46:28 +0700
Processing by HomeController#top as HTML
  Rendering layout layouts/application.html.erb
  Rendering home/top.html.erb within layouts/application
  Rendered home/top.html.erb within layouts/application (Duration: 0.1ms | Allocations: 17)
  Rendered layout layouts/application.html.erb (Duration: 64.4ms | Allocations: 8033)
Completed 200 OK in 69ms (Views: 66.0ms | Allocations: 8399)


Started GET "/top" for ::1 at 2022-08-24 09:54:21 +0700
Processing by HomeController#top as HTML
  Rendering layout layouts/application.html.erb
  Rendering home/top.html.erb within layouts/application
  Rendered home/top.html.erb within layouts/application (Duration: 0.1ms | Allocations: 17)
  Rendered layout layouts/application.html.erb (Duration: 76.1ms | Allocations: 8989)
Completed 200 OK in 84ms (Views: 77.9ms | Allocations: 9331)


Started GET "/top" for ::1 at 2022-08-24 09:54:29 +0700
Processing by HomeController#top as HTML
  Rendering layout layouts/application.html.erb
  Rendering home/top.html.erb within layouts/application
  Rendered home/top.html.erb within layouts/application (Duration: 0.2ms | Allocations: 17)
  Rendered layout layouts/application.html.erb (Duration: 18.6ms | Allocations: 3297)
Completed 200 OK in 24ms (Views: 20.3ms | Allocations: 3639)


Started GET "/top" for ::1 at 2022-08-24 09:55:19 +0700
Processing by HomeController#top as HTML
  Rendering layout layouts/application.html.erb
  Rendering home/top.html.erb within layouts/application
  Rendered home/top.html.erb within layouts/application (Duration: 0.1ms | Allocations: 17)
  Rendered layout layouts/application.html.erb (Duration: 66.3ms | Allocations: 9007)
Completed 200 OK in 72ms (Views: 67.7ms | Allocations: 9349)


Started GET "/top" for ::1 at 2022-08-24 09:55:51 +0700
Processing by HomeController#top as HTML
  Rendering layout layouts/application.html.erb
  Rendering home/top.html.erb within layouts/application
  Rendered home/top.html.erb within layouts/application (Duration: 0.2ms | Allocations: 17)
  Rendered layout layouts/application.html.erb (Duration: 19.1ms | Allocations: 3329)
Completed 200 OK in 24ms (Views: 20.5ms | Allocations: 3671)


Started GET "/top" for ::1 at 2022-08-24 09:56:58 +0700
Processing by HomeController#top as HTML
  Rendering layout layouts/application.html.erb
  Rendering home/top.html.erb within layouts/application
  Rendered home/top.html.erb within layouts/application (Duration: 0.1ms | Allocations: 17)
  Rendered layout layouts/application.html.erb (Duration: 63.8ms | Allocations: 9470)
Completed 200 OK in 69ms (Views: 65.4ms | Allocations: 9812)


Started GET "/top" for ::1 at 2022-08-24 09:57:21 +0700
Processing by HomeController#top as HTML
  Rendering layout layouts/application.html.erb
  Rendering home/top.html.erb within layouts/application
  Rendered home/top.html.erb within layouts/application (Duration: 0.1ms | Allocations: 17)
  Rendered layout layouts/application.html.erb (Duration: 63.4ms | Allocations: 8988)
Completed 200 OK in 69ms (Views: 64.8ms | Allocations: 9330)


Started GET "/top" for ::1 at 2022-08-24 09:58:29 +0700
Processing by HomeController#top as HTML
  Rendering layout layouts/application.html.erb
  Rendering home/top.html.erb within layouts/application
  Rendered home/top.html.erb within layouts/application (Duration: 0.1ms | Allocations: 17)
  Rendered layout layouts/application.html.erb (Duration: 74.4ms | Allocations: 10419)
Completed 200 OK in 80ms (Views: 76.0ms | Allocations: 10761)


Started GET "/top" for ::1 at 2022-08-24 09:58:53 +0700
Processing by HomeController#top as HTML
  Rendering layout layouts/application.html.erb
  Rendering home/top.html.erb within layouts/application
  Rendered home/top.html.erb within layouts/application (Duration: 0.2ms | Allocations: 17)
  Rendered layout layouts/application.html.erb (Duration: 69.9ms | Allocations: 9452)
Completed 200 OK in 75ms (Views: 71.5ms | Allocations: 9794)


Started GET "/top" for ::1 at 2022-08-24 10:01:06 +0700
Processing by HomeController#top as HTML
  Rendering layout layouts/application.html.erb
  Rendering home/top.html.erb within layouts/application
  Rendered home/top.html.erb within layouts/application (Duration: 0.1ms | Allocations: 17)
  Rendered layout layouts/application.html.erb (Duration: 61.0ms | Allocations: 9445)
Completed 200 OK in 68ms (Views: 62.8ms | Allocations: 9787)


Started GET "/top" for ::1 at 2022-08-24 10:01:29 +0700
Processing by HomeController#top as HTML
  Rendering layout layouts/application.html.erb
  Rendering home/top.html.erb within layouts/application
  Rendered home/top.html.erb within layouts/application (Duration: 0.2ms | Allocations: 17)
  Rendered layout layouts/application.html.erb (Duration: 18.5ms | Allocations: 3350)
Completed 200 OK in 24ms (Views: 20.0ms | Allocations: 3692)


Started GET "/top" for ::1 at 2022-08-24 10:01:49 +0700
Processing by HomeController#top as HTML
  Rendering layout layouts/application.html.erb
  Rendering home/top.html.erb within layouts/application
  Rendered home/top.html.erb within layouts/application (Duration: 0.1ms | Allocations: 17)
  Rendered layout layouts/application.html.erb (Duration: 34.0ms | Allocations: 6317)
Completed 200 OK in 40ms (Views: 35.9ms | Allocations: 6659)


Started GET "/top" for ::1 at 2022-08-24 10:05:09 +0700
Processing by HomeController#top as HTML
  Rendering layout layouts/application.html.erb
  Rendering home/top.html.erb within layouts/application
  Rendered home/top.html.erb within layouts/application (Duration: 1.7ms | Allocations: 181)
  Rendered layout layouts/application.html.erb (Duration: 18.0ms | Allocations: 3924)
Completed 200 OK in 35ms (Views: 29.3ms | Allocations: 5062)


Started GET "/about" for ::1 at 2022-08-24 10:05:25 +0700
Processing by HomeController#about as HTML
  Rendering layout layouts/application.html.erb
  Rendering home/about.html.erb within layouts/application
  Rendered home/about.html.erb within layouts/application (Duration: 2.0ms | Allocations: 152)
  Rendered layout layouts/application.html.erb (Duration: 16.5ms | Allocations: 3412)
Completed 200 OK in 24ms (Views: 18.5ms | Allocations: 3823)


Started GET "/about" for ::1 at 2022-08-24 10:07:09 +0700
Processing by HomeController#about as HTML
  Rendering layout layouts/application.html.erb
  Rendering home/about.html.erb within layouts/application
  Rendered home/about.html.erb within layouts/application (Duration: 0.1ms | Allocations: 17)
  Rendered layout layouts/application.html.erb (Duration: 61.1ms | Allocations: 8154)
Completed 200 OK in 66ms (Views: 62.8ms | Allocations: 8496)


Started GET "/about" for ::1 at 2022-08-24 10:08:28 +0700
Processing by HomeController#about as HTML
  Rendering layout layouts/application.html.erb
  Rendering home/about.html.erb within layouts/application
  Rendered home/about.html.erb within layouts/application (Duration: 0.2ms | Allocations: 17)
  Rendered layout layouts/application.html.erb (Duration: 59.8ms | Allocations: 8528)
Completed 200 OK in 65ms (Views: 61.5ms | Allocations: 8870)


Started GET "/top" for ::1 at 2022-08-24 10:08:40 +0700
Processing by HomeController#top as HTML
  Rendering layout layouts/application.html.erb
  Rendering home/top.html.erb within layouts/application
  Rendered home/top.html.erb within layouts/application (Duration: 0.1ms | Allocations: 17)
  Rendered layout layouts/application.html.erb (Duration: 21.1ms | Allocations: 3300)
Completed 200 OK in 26ms (Views: 23.1ms | Allocations: 3642)


Started GET "/top" for ::1 at 2022-08-24 10:09:04 +0700
Processing by HomeController#top as HTML
  Rendering layout layouts/application.html.erb
  Rendering home/top.html.erb within layouts/application
  Rendered home/top.html.erb within layouts/application (Duration: 0.1ms | Allocations: 17)
  Rendered layout layouts/application.html.erb (Duration: 62.5ms | Allocations: 9992)
Completed 200 OK in 68ms (Views: 64.0ms | Allocations: 10334)


Started GET "/top" for ::1 at 2022-08-24 10:09:15 +0700
Processing by HomeController#top as HTML
  Rendering layout layouts/application.html.erb
  Rendering home/top.html.erb within layouts/application
  Rendered home/top.html.erb within layouts/application (Duration: 0.1ms | Allocations: 17)
  Rendered layout layouts/application.html.erb (Duration: 59.0ms | Allocations: 9941)
Completed 200 OK in 65ms (Views: 60.8ms | Allocations: 10283)


Started GET "/top" for ::1 at 2022-08-24 10:11:51 +0700
  
ActionController::RoutingError (No route matches [GET] "/top"):
  
Started GET "/" for ::1 at 2022-08-24 10:12:28 +0700
Processing by HomeController#top as HTML
  Rendering layout layouts/application.html.erb
  Rendering home/top.html.erb within layouts/application
  Rendered home/top.html.erb within layouts/application (Duration: 2.1ms | Allocations: 181)
  Rendered layout layouts/application.html.erb (Duration: 18.5ms | Allocations: 3948)
Completed 200 OK in 34ms (Views: 29.6ms | Allocations: 5140)


Started GET "/about" for ::1 at 2022-08-24 10:12:31 +0700
Processing by HomeController#about as HTML
  Rendering layout layouts/application.html.erb
  Rendering home/about.html.erb within layouts/application
  Rendered home/about.html.erb within layouts/application (Duration: 1.9ms | Allocations: 151)
  Rendered layout layouts/application.html.erb (Duration: 16.0ms | Allocations: 3431)
Completed 200 OK in 22ms (Views: 17.6ms | Allocations: 3841)


Started GET "/about" for ::1 at 2022-08-24 10:17:17 +0700
Processing by HomeController#about as HTML
  Rendering layout layouts/application.html.erb
  Rendering home/about.html.erb within layouts/application
  Rendered home/about.html.erb within layouts/application (Duration: 0.1ms | Allocations: 17)
  Rendered layout layouts/application.html.erb (Duration: 95.4ms | Allocations: 9552)
Completed 200 OK in 101ms (Views: 96.9ms | Allocations: 9894)


Started GET "/" for ::1 at 2022-08-24 10:17:20 +0700
Processing by HomeController#top as HTML
  Rendering layout layouts/application.html.erb
  Rendering home/top.html.erb within layouts/application
  Rendered home/top.html.erb within layouts/application (Duration: 0.2ms | Allocations: 17)
  Rendered layout layouts/application.html.erb (Duration: 16.0ms | Allocations: 3273)
Completed 200 OK in 21ms (Views: 17.6ms | Allocations: 3615)


Started GET "/about" for ::1 at 2022-08-24 10:18:42 +0700
Processing by HomeController#about as HTML
  Rendering layout layouts/application.html.erb
  Rendering home/about.html.erb within layouts/application
  Rendered home/about.html.erb within layouts/application (Duration: 9.8ms | Allocations: 181)
  Rendered layout layouts/application.html.erb (Duration: 43.7ms | Allocations: 3931)
Completed 200 OK in 81ms (Views: 74.7ms | Allocations: 5075)


Started GET "/" for ::1 at 2022-08-24 10:19:18 +0700
Processing by HomeController#top as HTML
  Rendering layout layouts/application.html.erb
  Rendering home/top.html.erb within layouts/application
  Rendered home/top.html.erb within layouts/application (Duration: 2.0ms | Allocations: 161)
  Rendered layout layouts/application.html.erb (Duration: 19.1ms | Allocations: 3915)
Completed 200 OK in 36ms (Views: 31.2ms | Allocations: 5075)


Started GET "/" for ::1 at 2022-08-24 10:19:59 +0700
Processing by HomeController#top as HTML
  Rendering layout layouts/application.html.erb
  Rendering home/top.html.erb within layouts/application
  Rendered home/top.html.erb within layouts/application (Duration: 1.7ms | Allocations: 163)
  Rendered layout layouts/application.html.erb (Duration: 28.1ms | Allocations: 3944)
Completed 200 OK in 44ms (Views: 38.8ms | Allocations: 5104)


Started GET "/" for ::1 at 2022-08-24 10:20:37 +0700
Processing by HomeController#top as HTML
  Rendering layout layouts/application.html.erb
  Rendering home/top.html.erb within layouts/application
  Rendered home/top.html.erb within layouts/application (Duration: 0.1ms | Allocations: 17)
  Rendered layout layouts/application.html.erb (Duration: 63.5ms | Allocations: 10053)
Completed 200 OK in 70ms (Views: 65.3ms | Allocations: 10411)


Started GET "/" for ::1 at 2022-08-24 10:20:47 +0700
Processing by HomeController#top as HTML
  Rendering layout layouts/application.html.erb
  Rendering home/top.html.erb within layouts/application
  Rendered home/top.html.erb within layouts/application (Duration: 0.1ms | Allocations: 17)
  Rendered layout layouts/application.html.erb (Duration: 63.4ms | Allocations: 9906)
Completed 200 OK in 68ms (Views: 64.8ms | Allocations: 10248)


Started GET "/" for ::1 at 2022-08-24 10:20:49 +0700
Processing by HomeController#top as HTML
  Rendering layout layouts/application.html.erb
  Rendering home/top.html.erb within layouts/application
  Rendered home/top.html.erb within layouts/application (Duration: 0.2ms | Allocations: 17)
  Rendered layout layouts/application.html.erb (Duration: 14.6ms | Allocations: 3279)
Completed 200 OK in 20ms (Views: 16.3ms | Allocations: 3621)


Started GET "/" for ::1 at 2022-08-24 10:21:04 +0700
Processing by HomeController#top as HTML
  Rendering layout layouts/application.html.erb
  Rendering home/top.html.erb within layouts/application
  Rendered home/top.html.erb within layouts/application (Duration: 0.1ms | Allocations: 17)
  Rendered layout layouts/application.html.erb (Duration: 60.1ms | Allocations: 9452)
Completed 200 OK in 66ms (Views: 61.5ms | Allocations: 9794)


Started GET "/" for ::1 at 2022-08-24 10:21:12 +0700
Processing by HomeController#top as HTML
  Rendering layout layouts/application.html.erb
  Rendering home/top.html.erb within layouts/application
  Rendered home/top.html.erb within layouts/application (Duration: 0.1ms | Allocations: 17)
  Rendered layout layouts/application.html.erb (Duration: 61.7ms | Allocations: 9902)
Completed 200 OK in 68ms (Views: 63.4ms | Allocations: 10244)


Started GET "/" for ::1 at 2022-08-24 10:21:19 +0700
Processing by HomeController#top as HTML
  Rendering layout layouts/application.html.erb
  Rendering home/top.html.erb within layouts/application
  Rendered home/top.html.erb within layouts/application (Duration: 0.1ms | Allocations: 17)
  Rendered layout layouts/application.html.erb (Duration: 66.1ms | Allocations: 9470)
Completed 200 OK in 71ms (Views: 67.8ms | Allocations: 9812)


Started GET "/" for ::1 at 2022-08-24 10:21:20 +0700
Processing by HomeController#top as HTML
  Rendering layout layouts/application.html.erb
  Rendering home/top.html.erb within layouts/application
  Rendered home/top.html.erb within layouts/application (Duration: 0.1ms | Allocations: 17)
  Rendered layout layouts/application.html.erb (Duration: 13.8ms | Allocations: 3294)
Completed 200 OK in 19ms (Views: 15.7ms | Allocations: 3636)


Started GET "/" for ::1 at 2022-08-24 10:21:34 +0700
Processing by HomeController#top as HTML
  Rendering layout layouts/application.html.erb
  Rendering home/top.html.erb within layouts/application
  Rendered home/top.html.erb within layouts/application (Duration: 0.1ms | Allocations: 17)
  Rendered layout layouts/application.html.erb (Duration: 16.7ms | Allocations: 3350)
Completed 200 OK in 22ms (Views: 18.4ms | Allocations: 3692)


Started GET "/" for ::1 at 2022-08-24 10:21:52 +0700
Processing by HomeController#top as HTML
  Rendering layout layouts/application.html.erb
  Rendering home/top.html.erb within layouts/application
  Rendered home/top.html.erb within layouts/application (Duration: 0.1ms | Allocations: 17)
  Rendered layout layouts/application.html.erb (Duration: 66.4ms | Allocations: 9457)
Completed 200 OK in 71ms (Views: 68.0ms | Allocations: 9799)


Started GET "/" for ::1 at 2022-08-24 10:22:13 +0700
Processing by HomeController#top as HTML
  Rendering layout layouts/application.html.erb
  Rendering home/top.html.erb within layouts/application
  Rendered home/top.html.erb within layouts/application (Duration: 0.1ms | Allocations: 17)
  Rendered layout layouts/application.html.erb (Duration: 64.9ms | Allocations: 9908)
Completed 200 OK in 70ms (Views: 66.8ms | Allocations: 10250)


Started GET "/" for ::1 at 2022-08-24 10:22:24 +0700
Processing by HomeController#top as HTML
  Rendering layout layouts/application.html.erb
  Rendering home/top.html.erb within layouts/application
  Rendered home/top.html.erb within layouts/application (Duration: 0.1ms | Allocations: 17)
  Rendered layout layouts/application.html.erb (Duration: 64.2ms | Allocations: 9956)
Completed 200 OK in 69ms (Views: 65.6ms | Allocations: 10298)


Started GET "/" for ::1 at 2022-08-24 10:22:35 +0700
Processing by HomeController#top as HTML
  Rendering layout layouts/application.html.erb
  Rendering home/top.html.erb within layouts/application
  Rendered home/top.html.erb within layouts/application (Duration: 0.1ms | Allocations: 17)
  Rendered layout layouts/application.html.erb (Duration: 71.4ms | Allocations: 10406)
Completed 200 OK in 77ms (Views: 73.0ms | Allocations: 10748)


Started GET "/" for ::1 at 2022-08-24 10:22:36 +0700
Processing by HomeController#top as HTML
  Rendering layout layouts/application.html.erb
  Rendering home/top.html.erb within layouts/application
  Rendered home/top.html.erb within layouts/application (Duration: 0.2ms | Allocations: 17)
  Rendered layout layouts/application.html.erb (Duration: 14.6ms | Allocations: 3296)
Completed 200 OK in 20ms (Views: 16.4ms | Allocations: 3638)


Started GET "/" for ::1 at 2022-08-24 10:22:53 +0700
Processing by HomeController#top as HTML
  Rendering layout layouts/application.html.erb
  Rendering home/top.html.erb within layouts/application
  Rendered home/top.html.erb within layouts/application (Duration: 0.1ms | Allocations: 17)
  Rendered layout layouts/application.html.erb (Duration: 68.5ms | Allocations: 9486)
Completed 200 OK in 74ms (Views: 70.6ms | Allocations: 9828)


Started GET "/" for ::1 at 2022-08-24 10:24:20 +0700
Processing by HomeController#top as HTML
  Rendering layout layouts/application.html.erb
  Rendering home/top.html.erb within layouts/application
  Rendered home/top.html.erb within layouts/application (Duration: 2.3ms | Allocations: 243)
  Rendered layout layouts/application.html.erb (Duration: 19.2ms | Allocations: 3952)
Completed 200 OK in 35ms (Views: 29.8ms | Allocations: 5096)


Started GET "/about" for ::1 at 2022-08-24 10:24:50 +0700
Processing by HomeController#about as HTML
  Rendering layout layouts/application.html.erb
  Rendering home/about.html.erb within layouts/application
  Rendered home/about.html.erb within layouts/application (Duration: 1.6ms | Allocations: 151)
  Rendered layout layouts/application.html.erb (Duration: 15.7ms | Allocations: 3421)
Completed 200 OK in 22ms (Views: 17.6ms | Allocations: 3832)


Started GET "/about" for ::1 at 2022-08-24 10:24:59 +0700
Processing by HomeController#about as HTML
  Rendering layout layouts/application.html.erb
  Rendering home/about.html.erb within layouts/application
  Rendered home/about.html.erb within layouts/application (Duration: 0.1ms | Allocations: 17)
  Rendered layout layouts/application.html.erb (Duration: 13.0ms | Allocations: 3306)
Completed 200 OK in 18ms (Views: 14.9ms | Allocations: 3648)


Started GET "/about" for ::1 at 2022-08-24 10:28:04 +0700
Processing by HomeController#about as HTML
  Rendering layout layouts/application.html.erb
  Rendering home/about.html.erb within layouts/application
  Rendered home/about.html.erb within layouts/application (Duration: 1.7ms | Allocations: 165)
  Rendered layout layouts/application.html.erb (Duration: 69.3ms | Allocations: 10298)
Completed 200 OK in 85ms (Views: 80.2ms | Allocations: 11442)


Started GET "/" for ::1 at 2022-08-24 10:28:08 +0700
Processing by HomeController#top as HTML
  Rendering layout layouts/application.html.erb
  Rendering home/top.html.erb within layouts/application
  Rendered home/top.html.erb within layouts/application (Duration: 1.5ms | Allocations: 173)
  Rendered layout layouts/application.html.erb (Duration: 15.2ms | Allocations: 3489)
Completed 200 OK in 22ms (Views: 17.1ms | Allocations: 3900)


Started GET "/" for ::1 at 2022-08-24 10:31:14 +0700
Processing by HomeController#top as HTML
  Rendering layout layouts/application.html.erb
  Rendering home/top.html.erb within layouts/application
  Rendered home/top.html.erb within layouts/application (Duration: 1.8ms | Allocations: 234)
  Rendered layout layouts/application.html.erb (Duration: 77.6ms | Allocations: 11174)
Completed 200 OK in 94ms (Views: 87.7ms | Allocations: 12318)


Started GET "/" for ::1 at 2022-08-24 10:31:40 +0700
Processing by HomeController#top as HTML
  Rendering layout layouts/application.html.erb
  Rendering home/top.html.erb within layouts/application
  Rendered home/top.html.erb within layouts/application (Duration: 2.1ms | Allocations: 234)
  Rendered layout layouts/application.html.erb (Duration: 19.2ms | Allocations: 3982)
Completed 200 OK in 33ms (Views: 28.9ms | Allocations: 5142)


Started GET "/" for ::1 at 2022-08-24 10:31:42 +0700
Processing by HomeController#top as HTML
  Rendering layout layouts/application.html.erb
  Rendering home/top.html.erb within layouts/application
  Rendered home/top.html.erb within layouts/application (Duration: 0.2ms | Allocations: 37)
  Rendered layout layouts/application.html.erb (Duration: 15.5ms | Allocations: 3316)
Completed 200 OK in 22ms (Views: 17.2ms | Allocations: 3674)


Started GET "/" for ::1 at 2022-08-24 10:31:42 +0700
Processing by HomeController#top as HTML
  Rendering layout layouts/application.html.erb
  Rendering home/top.html.erb within layouts/application
  Rendered home/top.html.erb within layouts/application (Duration: 0.2ms | Allocations: 37)
  Rendered layout layouts/application.html.erb (Duration: 13.4ms | Allocations: 3334)
Completed 200 OK in 19ms (Views: 14.9ms | Allocations: 3676)


Started GET "/" for ::1 at 2022-08-24 10:31:42 +0700
Processing by HomeController#top as HTML
  Rendering layout layouts/application.html.erb
  Rendering home/top.html.erb within layouts/application
  Rendered home/top.html.erb within layouts/application (Duration: 0.2ms | Allocations: 37)
  Rendered layout layouts/application.html.erb (Duration: 13.8ms | Allocations: 3310)
Completed 200 OK in 19ms (Views: 15.3ms | Allocations: 3652)


Started GET "/" for ::1 at 2022-08-24 10:31:43 +0700
Processing by HomeController#top as HTML
  Rendering layout layouts/application.html.erb
  Rendering home/top.html.erb within layouts/application
  Rendered home/top.html.erb within layouts/application (Duration: 0.3ms | Allocations: 37)
  Rendered layout layouts/application.html.erb (Duration: 16.4ms | Allocations: 3316)
Completed 200 OK in 22ms (Views: 18.4ms | Allocations: 3658)


Started GET "/" for ::1 at 2022-08-24 10:31:43 +0700
Processing by HomeController#top as HTML
  Rendering layout layouts/application.html.erb
  Rendering home/top.html.erb within layouts/application
  Rendered home/top.html.erb within layouts/application (Duration: 0.4ms | Allocations: 37)
  Rendered layout layouts/application.html.erb (Duration: 17.3ms | Allocations: 3310)
Completed 200 OK in 22ms (Views: 18.8ms | Allocations: 3652)


Started GET "/" for ::1 at 2022-08-24 10:32:04 +0700
Processing by HomeController#top as HTML
  Rendering layout layouts/application.html.erb
  Rendering home/top.html.erb within layouts/application
  Rendered home/top.html.erb within layouts/application (Duration: 1.9ms | Allocations: 234)
  Rendered layout layouts/application.html.erb (Duration: 21.1ms | Allocations: 3984)
Completed 200 OK in 38ms (Views: 32.5ms | Allocations: 5128)


Started GET "/" for ::1 at 2022-08-24 10:32:08 +0700
Processing by HomeController#top as HTML
  Rendering layout layouts/application.html.erb
  Rendering home/top.html.erb within layouts/application
  Rendered home/top.html.erb within layouts/application (Duration: 0.2ms | Allocations: 37)
  Rendered layout layouts/application.html.erb (Duration: 14.7ms | Allocations: 3310)
Completed 200 OK in 19ms (Views: 16.2ms | Allocations: 3668)


Started GET "/" for ::1 at 2022-08-24 10:32:09 +0700
Processing by HomeController#top as HTML
  Rendering layout layouts/application.html.erb
  Rendering home/top.html.erb within layouts/application
  Rendered home/top.html.erb within layouts/application (Duration: 0.3ms | Allocations: 37)
  Rendered layout layouts/application.html.erb (Duration: 18.3ms | Allocations: 3305)
Completed 200 OK in 26ms (Views: 21.2ms | Allocations: 3647)


Started GET "/about" for ::1 at 2022-08-24 10:32:11 +0700
Processing by HomeController#about as HTML
  Rendering layout layouts/application.html.erb
  Rendering home/about.html.erb within layouts/application
  Rendered home/about.html.erb within layouts/application (Duration: 1.8ms | Allocations: 236)
  Rendered layout layouts/application.html.erb (Duration: 17.2ms | Allocations: 3512)
Completed 200 OK in 25ms (Views: 18.6ms | Allocations: 3907)


Started GET "/about" for ::1 at 2022-08-24 10:32:50 +0700
Processing by HomeController#about as HTML
  Rendering layout layouts/application.html.erb
  Rendering home/about.html.erb within layouts/application
  Rendered home/about.html.erb within layouts/application (Duration: 2.3ms | Allocations: 293)
  Rendered layout layouts/application.html.erb (Duration: 16.9ms | Allocations: 4031)
Completed 200 OK in 39ms (Views: 34.7ms | Allocations: 5175)


Started GET "/" for ::1 at 2022-08-24 10:32:57 +0700
Processing by HomeController#top as HTML
  Rendering layout layouts/application.html.erb
  Rendering home/top.html.erb within layouts/application
  Rendered home/top.html.erb within layouts/application (Duration: 1.8ms | Allocations: 185)
  Rendered layout layouts/application.html.erb (Duration: 16.4ms | Allocations: 3470)
Completed 200 OK in 23ms (Views: 18.1ms | Allocations: 3881)


Started GET "/" for ::1 at 2022-08-24 10:33:35 +0700
Processing by HomeController#top as HTML
  Rendering layout layouts/application.html.erb
  Rendering home/top.html.erb within layouts/application
  Rendered home/top.html.erb within layouts/application (Duration: 2.4ms | Allocations: 243)
  Rendered layout layouts/application.html.erb (Duration: 19.8ms | Allocations: 3954)
Completed 200 OK in 35ms (Views: 30.9ms | Allocations: 5098)


Started GET "/" for ::1 at 2022-08-24 10:33:58 +0700
Processing by HomeController#top as HTML
  Rendering layout layouts/application.html.erb
  Rendering home/top.html.erb within layouts/application
  Rendered home/top.html.erb within layouts/application (Duration: 2.0ms | Allocations: 237)
  Rendered layout layouts/application.html.erb (Duration: 18.1ms | Allocations: 3965)
Completed 200 OK in 34ms (Views: 28.5ms | Allocations: 5125)


Started GET "/" for ::1 at 2022-08-24 10:35:40 +0700
Processing by HomeController#top as HTML
  Rendering layout layouts/application.html.erb
  Rendering home/top.html.erb within layouts/application
  Rendered home/top.html.erb within layouts/application (Duration: 2.1ms | Allocations: 244)
  Rendered layout layouts/application.html.erb (Duration: 71.3ms | Allocations: 10275)
Completed 200 OK in 90ms (Views: 83.1ms | Allocations: 11435)


Started GET "/" for ::1 at 2022-08-24 10:35:54 +0700
Processing by HomeController#top as HTML
  Rendering layout layouts/application.html.erb
  Rendering home/top.html.erb within layouts/application
  Rendered home/top.html.erb within layouts/application (Duration: 0.2ms | Allocations: 37)
  Rendered layout layouts/application.html.erb (Duration: 62.5ms | Allocations: 9499)
Completed 200 OK in 67ms (Views: 64.3ms | Allocations: 9857)


Started GET "/" for ::1 at 2022-08-24 10:36:24 +0700
Processing by HomeController#top as HTML
  Rendering layout layouts/application.html.erb
  Rendering home/top.html.erb within layouts/application
  Rendered home/top.html.erb within layouts/application (Duration: 0.2ms | Allocations: 37)
  Rendered layout layouts/application.html.erb (Duration: 63.0ms | Allocations: 9492)
Completed 200 OK in 67ms (Views: 64.4ms | Allocations: 9834)


Started GET "/" for ::1 at 2022-08-24 10:36:25 +0700
Processing by HomeController#top as HTML
  Rendering layout layouts/application.html.erb
  Rendering home/top.html.erb within layouts/application
  Rendered home/top.html.erb within layouts/application (Duration: 0.2ms | Allocations: 37)
  Rendered layout layouts/application.html.erb (Duration: 14.2ms | Allocations: 3307)
Completed 200 OK in 20ms (Views: 15.9ms | Allocations: 3649)


Started GET "/about" for ::1 at 2022-08-24 10:37:35 +0700
Processing by HomeController#about as HTML
  Rendering layout layouts/application.html.erb
  Rendering home/about.html.erb within layouts/application
  Rendered home/about.html.erb within layouts/application (Duration: 2.2ms | Allocations: 232)
  Rendered layout layouts/application.html.erb (Duration: 16.4ms | Allocations: 3499)
Completed 200 OK in 23ms (Views: 18.2ms | Allocations: 3894)


Started GET "/about" for ::1 at 2022-08-24 10:38:50 +0700
Processing by HomeController#about as HTML
  Rendering layout layouts/application.html.erb
  Rendering home/about.html.erb within layouts/application
  Rendered home/about.html.erb within layouts/application (Duration: 2.0ms | Allocations: 294)
  Rendered layout layouts/application.html.erb (Duration: 18.7ms | Allocations: 4015)
Completed 200 OK in 35ms (Views: 30.0ms | Allocations: 5159)


Started GET "/about" for ::1 at 2022-08-24 10:39:39 +0700
Processing by HomeController#about as HTML
  Rendering layout layouts/application.html.erb
  Rendering home/about.html.erb within layouts/application
  Rendered home/about.html.erb within layouts/application (Duration: 0.2ms | Allocations: 55)
  Rendered layout layouts/application.html.erb (Duration: 60.8ms | Allocations: 10054)
Completed 200 OK in 66ms (Views: 62.9ms | Allocations: 10412)


Started GET "/about" for ::1 at 2022-08-24 10:39:55 +0700
Processing by HomeController#about as HTML
  Rendering layout layouts/application.html.erb
  Rendering home/about.html.erb within layouts/application
  Rendered home/about.html.erb within layouts/application (Duration: 0.3ms | Allocations: 55)
  Rendered layout layouts/application.html.erb (Duration: 67.0ms | Allocations: 10915)
Completed 200 OK in 80ms (Views: 75.7ms | Allocations: 11257)


Started GET "/about" for ::1 at 2022-08-24 10:41:55 +0700
Processing by HomeController#about as HTML
  Rendering layout layouts/application.html.erb
  Rendering home/about.html.erb within layouts/application
  Rendered home/about.html.erb within layouts/application (Duration: 2.4ms | Allocations: 296)
  Rendered layout layouts/application.html.erb (Duration: 71.2ms | Allocations: 10800)
Completed 200 OK in 87ms (Views: 82.2ms | Allocations: 11944)


Started GET "/about" for ::1 at 2022-08-24 10:42:09 +0700
Processing by HomeController#about as HTML
  Rendering layout layouts/application.html.erb
  Rendering home/about.html.erb within layouts/application
  Rendered home/about.html.erb within layouts/application (Duration: 0.2ms | Allocations: 55)
  Rendered layout layouts/application.html.erb (Duration: 74.6ms | Allocations: 9983)
Completed 200 OK in 79ms (Views: 76.5ms | Allocations: 10341)


Started GET "/about" for ::1 at 2022-08-24 10:42:29 +0700
Processing by HomeController#about as HTML
  Rendering layout layouts/application.html.erb
  Rendering home/about.html.erb within layouts/application
  Rendered home/about.html.erb within layouts/application (Duration: 0.2ms | Allocations: 55)
  Rendered layout layouts/application.html.erb (Duration: 70.5ms | Allocations: 10442)
Completed 200 OK in 75ms (Views: 72.0ms | Allocations: 10784)


Started GET "/about" for ::1 at 2022-08-24 10:42:31 +0700
Processing by HomeController#about as HTML
  Rendering layout layouts/application.html.erb
  Rendering home/about.html.erb within layouts/application
  Rendered home/about.html.erb within layouts/application (Duration: 0.2ms | Allocations: 55)
  Rendered layout layouts/application.html.erb (Duration: 16.4ms | Allocations: 3343)
Completed 200 OK in 22ms (Views: 17.8ms | Allocations: 3685)


Started GET "/about" for ::1 at 2022-08-24 10:42:41 +0700
Processing by HomeController#about as HTML
  Rendering layout layouts/application.html.erb
  Rendering home/about.html.erb within layouts/application
  Rendered home/about.html.erb within layouts/application (Duration: 0.3ms | Allocations: 55)
  Rendered layout layouts/application.html.erb (Duration: 62.6ms | Allocations: 9974)
Completed 200 OK in 68ms (Views: 64.5ms | Allocations: 10316)


Started GET "/about" for ::1 at 2022-08-24 10:42:54 +0700
Processing by HomeController#about as HTML
  Rendering layout layouts/application.html.erb
  Rendering home/about.html.erb within layouts/application
  Rendered home/about.html.erb within layouts/application (Duration: 0.3ms | Allocations: 55)
  Rendered layout layouts/application.html.erb (Duration: 69.1ms | Allocations: 10437)
Completed 200 OK in 73ms (Views: 70.4ms | Allocations: 10779)


Started GET "/about" for ::1 at 2022-08-24 10:43:07 +0700
Processing by HomeController#about as HTML
  Rendering layout layouts/application.html.erb
  Rendering home/about.html.erb within layouts/application
  Rendered home/about.html.erb within layouts/application (Duration: 0.3ms | Allocations: 55)
  Rendered layout layouts/application.html.erb (Duration: 64.6ms | Allocations: 9533)
Completed 200 OK in 70ms (Views: 66.7ms | Allocations: 9875)


Started GET "/about" for ::1 at 2022-08-24 10:51:21 +0700
Processing by HomeController#about as HTML
  Rendering layout layouts/application.html.erb
  Rendering home/about.html.erb within layouts/application
  Rendered home/about.html.erb within layouts/application (Duration: 2.1ms | Allocations: 307)
  Rendered layout layouts/application.html.erb (Duration: 17.3ms | Allocations: 4035)
Completed 200 OK in 33ms (Views: 28.4ms | Allocations: 5179)


Started GET "/about" for ::1 at 2022-08-24 10:51:35 +0700
Processing by HomeController#about as HTML
  Rendering layout layouts/application.html.erb
  Rendering home/about.html.erb within layouts/application
  Rendered home/about.html.erb within layouts/application (Duration: 0.3ms | Allocations: 55)
  Rendered layout layouts/application.html.erb (Duration: 63.0ms | Allocations: 10075)
Completed 200 OK in 68ms (Views: 64.8ms | Allocations: 10433)


Started GET "/about" for ::1 at 2022-08-24 10:52:16 +0700
Processing by HomeController#about as HTML
  Rendering layout layouts/application.html.erb
  Rendering home/about.html.erb within layouts/application
  Rendered home/about.html.erb within layouts/application (Duration: 0.2ms | Allocations: 55)
  Rendered layout layouts/application.html.erb (Duration: 13.1ms | Allocations: 3331)
Completed 200 OK in 19ms (Views: 14.6ms | Allocations: 3673)


Started GET "/about" for ::1 at 2022-08-24 10:52:19 +0700
Processing by HomeController#about as HTML
  Rendering layout layouts/application.html.erb
  Rendering home/about.html.erb within layouts/application
  Rendered home/about.html.erb within layouts/application (Duration: 0.3ms | Allocations: 55)
  Rendered layout layouts/application.html.erb (Duration: 15.1ms | Allocations: 3331)
Completed 200 OK in 20ms (Views: 16.9ms | Allocations: 3673)


Started GET "/about" for ::1 at 2022-08-24 10:52:39 +0700
Processing by HomeController#about as HTML
  Rendering layout layouts/application.html.erb
  Rendering home/about.html.erb within layouts/application
  Rendered home/about.html.erb within layouts/application (Duration: 2.0ms | Allocations: 298)
  Rendered layout layouts/application.html.erb (Duration: 18.2ms | Allocations: 4028)
Completed 200 OK in 32ms (Views: 27.9ms | Allocations: 5172)


Started GET "/about" for ::1 at 2022-08-24 10:53:01 +0700
Processing by HomeController#about as HTML
  Rendering layout layouts/application.html.erb
  Rendering home/about.html.erb within layouts/application
  Rendered home/about.html.erb within layouts/application (Duration: 0.3ms | Allocations: 55)
  Rendered layout layouts/application.html.erb (Duration: 63.0ms | Allocations: 9593)
Completed 200 OK in 68ms (Views: 64.5ms | Allocations: 9951)


Started GET "/about" for ::1 at 2022-08-24 10:53:11 +0700
Processing by HomeController#about as HTML
  Rendering layout layouts/application.html.erb
  Rendering home/about.html.erb within layouts/application
  Rendered home/about.html.erb within layouts/application (Duration: 0.3ms | Allocations: 55)
  Rendered layout layouts/application.html.erb (Duration: 67.3ms | Allocations: 11364)
Completed 200 OK in 73ms (Views: 69.8ms | Allocations: 11706)


Started GET "/about" for ::1 at 2022-08-24 10:54:17 +0700
Processing by HomeController#about as HTML
  Rendering layout layouts/application.html.erb
  Rendering home/about.html.erb within layouts/application
  Rendered home/about.html.erb within layouts/application (Duration: 2.5ms | Allocations: 307)
  Rendered layout layouts/application.html.erb (Duration: 71.2ms | Allocations: 10318)
Completed 200 OK in 86ms (Views: 80.5ms | Allocations: 11462)


Started GET "/about" for ::1 at 2022-08-24 10:56:01 +0700
Processing by HomeController#about as HTML
  Rendering layout layouts/application.html.erb
  Rendering home/about.html.erb within layouts/application
  Rendered home/about.html.erb within layouts/application (Duration: 2.4ms | Allocations: 350)
  Rendered layout layouts/application.html.erb (Duration: 18.4ms | Allocations: 4081)
Completed 200 OK in 36ms (Views: 31.2ms | Allocations: 5241)


Started GET "/about" for ::1 at 2022-08-24 10:56:26 +0700
Processing by HomeController#about as HTML
  Rendering layout layouts/application.html.erb
  Rendering home/about.html.erb within layouts/application
  Rendered home/about.html.erb within layouts/application (Duration: 0.4ms | Allocations: 74)
  Rendered layout layouts/application.html.erb (Duration: 74.6ms | Allocations: 11536)
Completed 200 OK in 80ms (Views: 76.2ms | Allocations: 11894)


Started GET "/about" for ::1 at 2022-08-24 10:57:06 +0700
Processing by HomeController#about as HTML
  Rendering layout layouts/application.html.erb
  Rendering home/about.html.erb within layouts/application
  Rendered home/about.html.erb within layouts/application (Duration: 2.2ms | Allocations: 348)
  Rendered layout layouts/application.html.erb (Duration: 18.0ms | Allocations: 4060)
Completed 200 OK in 35ms (Views: 28.7ms | Allocations: 5204)


Started GET "/about" for ::1 at 2022-08-24 12:19:35 +0700
Processing by HomeController#about as HTML
  Rendering layout layouts/application.html.erb
  Rendering home/about.html.erb within layouts/application
  Rendered home/about.html.erb within layouts/application (Duration: 5.5ms | Allocations: 349)
  Rendered layout layouts/application.html.erb (Duration: 37.3ms | Allocations: 4085)
Completed 200 OK in 62ms (Views: 53.9ms | Allocations: 5317)


Started GET "/info" for ::1 at 2022-08-24 12:19:38 +0700
Processing by HomeController#info as HTML
  Rendering layout layouts/application.html.erb
  Rendering home/info.html.erb within layouts/application
  Rendered home/info.html.erb within layouts/application (Duration: 3.1ms | Allocations: 136)
  Rendered layout layouts/application.html.erb (Duration: 17.7ms | Allocations: 3425)
Completed 200 OK in 23ms (Views: 19.1ms | Allocations: 3836)


Started GET "/info.jpg" for ::1 at 2022-08-24 12:19:38 +0700
Processing by HomeController#info as JPEG
Completed 406 Not Acceptable in 10ms (Allocations: 749)


  
ActionController::UnknownFormat (HomeController#info is missing a template for this request format and variant.

request.formats: ["image/jpeg"]
request.variant: []):
  
actionpack (7.0.3.1) lib/action_controller/metal/implicit_render.rb:42:in `default_render'
actionpack (7.0.3.1) lib/action_controller/metal/basic_implicit_render.rb:6:in `block in send_action'
<internal:kernel>:90:in `tap'
actionpack (7.0.3.1) lib/action_controller/metal/basic_implicit_render.rb:6:in `send_action'
actionpack (7.0.3.1) lib/abstract_controller/base.rb:215:in `process_action'
actionpack (7.0.3.1) lib/action_controller/metal/rendering.rb:53:in `process_action'
actionpack (7.0.3.1) lib/abstract_controller/callbacks.rb:234:in `block in process_action'
activesupport (7.0.3.1) lib/active_support/callbacks.rb:118:in `block in run_callbacks'
actiontext (7.0.3.1) lib/action_text/rendering.rb:20:in `with_renderer'
actiontext (7.0.3.1) lib/action_text/engine.rb:69:in `block (4 levels) in <class:Engine>'
activesupport (7.0.3.1) lib/active_support/callbacks.rb:127:in `instance_exec'
activesupport (7.0.3.1) lib/active_support/callbacks.rb:127:in `block in run_callbacks'
activesupport (7.0.3.1) lib/active_support/callbacks.rb:138:in `run_callbacks'
actionpack (7.0.3.1) lib/abstract_controller/callbacks.rb:233:in `process_action'
actionpack (7.0.3.1) lib/action_controller/metal/rescue.rb:22:in `process_action'
actionpack (7.0.3.1) lib/action_controller/metal/instrumentation.rb:67:in `block in process_action'
activesupport (7.0.3.1) lib/active_support/notifications.rb:206:in `block in instrument'
activesupport (7.0.3.1) lib/active_support/notifications/instrumenter.rb:24:in `instrument'
activesupport (7.0.3.1) lib/active_support/notifications.rb:206:in `instrument'
actionpack (7.0.3.1) lib/action_controller/metal/instrumentation.rb:66:in `process_action'
actionpack (7.0.3.1) lib/action_controller/metal/params_wrapper.rb:259:in `process_action'
activerecord (7.0.3.1) lib/active_record/railties/controller_runtime.rb:27:in `process_action'
actionpack (7.0.3.1) lib/abstract_controller/base.rb:151:in `process'
actionview (7.0.3.1) lib/action_view/rendering.rb:39:in `process'
actionpack (7.0.3.1) lib/action_controller/metal.rb:188:in `dispatch'
actionpack (7.0.3.1) lib/action_controller/metal.rb:251:in `dispatch'
actionpack (7.0.3.1) lib/action_dispatch/routing/route_set.rb:49:in `dispatch'
actionpack (7.0.3.1) lib/action_dispatch/routing/route_set.rb:32:in `serve'
actionpack (7.0.3.1) lib/action_dispatch/journey/router.rb:50:in `block in serve'
actionpack (7.0.3.1) lib/action_dispatch/journey/router.rb:32:in `each'
actionpack (7.0.3.1) lib/action_dispatch/journey/router.rb:32:in `serve'
actionpack (7.0.3.1) lib/action_dispatch/routing/route_set.rb:852:in `call'
rack (2.2.4) lib/rack/tempfile_reaper.rb:15:in `call'
rack (2.2.4) lib/rack/etag.rb:27:in `call'
rack (2.2.4) lib/rack/conditional_get.rb:27:in `call'
rack (2.2.4) lib/rack/head.rb:12:in `call'
actionpack (7.0.3.1) lib/action_dispatch/http/permissions_policy.rb:38:in `call'
actionpack (7.0.3.1) lib/action_dispatch/http/content_security_policy.rb:36:in `call'
rack (2.2.4) lib/rack/session/abstract/id.rb:266:in `context'
rack (2.2.4) lib/rack/session/abstract/id.rb:260:in `call'
actionpack (7.0.3.1) lib/action_dispatch/middleware/cookies.rb:697:in `call'
activerecord (7.0.3.1) lib/active_record/migration.rb:603:in `call'
actionpack (7.0.3.1) lib/action_dispatch/middleware/callbacks.rb:27:in `block in call'
activesupport (7.0.3.1) lib/active_support/callbacks.rb:99:in `run_callbacks'
actionpack (7.0.3.1) lib/action_dispatch/middleware/callbacks.rb:26:in `call'
actionpack (7.0.3.1) lib/action_dispatch/middleware/executor.rb:14:in `call'
actionpack (7.0.3.1) lib/action_dispatch/middleware/actionable_exceptions.rb:17:in `call'
actionpack (7.0.3.1) lib/action_dispatch/middleware/debug_exceptions.rb:28:in `call'
web-console (4.2.0) lib/web_console/middleware.rb:132:in `call_app'
web-console (4.2.0) lib/web_console/middleware.rb:28:in `block in call'
web-console (4.2.0) lib/web_console/middleware.rb:17:in `catch'
web-console (4.2.0) lib/web_console/middleware.rb:17:in `call'
actionpack (7.0.3.1) lib/action_dispatch/middleware/show_exceptions.rb:26:in `call'
railties (7.0.3.1) lib/rails/rack/logger.rb:40:in `call_app'
railties (7.0.3.1) lib/rails/rack/logger.rb:25:in `block in call'
activesupport (7.0.3.1) lib/active_support/tagged_logging.rb:114:in `block in tagged'
activesupport (7.0.3.1) lib/active_support/tagged_logging.rb:38:in `tagged'
activesupport (7.0.3.1) lib/active_support/tagged_logging.rb:114:in `tagged'
railties (7.0.3.1) lib/rails/rack/logger.rb:25:in `call'
sprockets-rails (3.4.2) lib/sprockets/rails/quiet_assets.rb:13:in `call'
actionpack (7.0.3.1) lib/action_dispatch/middleware/remote_ip.rb:93:in `call'
actionpack (7.0.3.1) lib/action_dispatch/middleware/request_id.rb:26:in `call'
rack (2.2.4) lib/rack/method_override.rb:24:in `call'
rack (2.2.4) lib/rack/runtime.rb:22:in `call'
activesupport (7.0.3.1) lib/active_support/cache/strategy/local_cache_middleware.rb:29:in `call'
actionpack (7.0.3.1) lib/action_dispatch/middleware/server_timing.rb:20:in `call'
actionpack (7.0.3.1) lib/action_dispatch/middleware/executor.rb:14:in `call'
actionpack (7.0.3.1) lib/action_dispatch/middleware/static.rb:23:in `call'
rack (2.2.4) lib/rack/sendfile.rb:110:in `call'
actionpack (7.0.3.1) lib/action_dispatch/middleware/host_authorization.rb:137:in `call'
railties (7.0.3.1) lib/rails/engine.rb:530:in `call'
puma (5.6.5) lib/puma/configuration.rb:252:in `call'
puma (5.6.5) lib/puma/request.rb:77:in `block in handle_request'
puma (5.6.5) lib/puma/thread_pool.rb:340:in `with_force_shutdown'
puma (5.6.5) lib/puma/request.rb:76:in `handle_request'
puma (5.6.5) lib/puma/server.rb:443:in `process_client'
puma (5.6.5) lib/puma/thread_pool.rb:147:in `block in spawn_thread'
Started GET "/info" for ::1 at 2022-08-24 12:20:24 +0700
Processing by HomeController#info as HTML
  Rendering layout layouts/application.html.erb
  Rendering home/info.html.erb within layouts/application
  Rendered home/info.html.erb within layouts/application (Duration: 2.2ms | Allocations: 194)
  Rendered layout layouts/application.html.erb (Duration: 21.5ms | Allocations: 3969)
Completed 200 OK in 38ms (Views: 31.9ms | Allocations: 5107)


Started GET "/info.jpg" for ::1 at 2022-08-24 12:20:24 +0700
Processing by HomeController#info as JPEG
Completed 406 Not Acceptable in 8ms (Allocations: 729)


  
ActionController::UnknownFormat (HomeController#info is missing a template for this request format and variant.

request.formats: ["image/jpeg"]
request.variant: []):
  
actionpack (7.0.3.1) lib/action_controller/metal/implicit_render.rb:42:in `default_render'
actionpack (7.0.3.1) lib/action_controller/metal/basic_implicit_render.rb:6:in `block in send_action'
<internal:kernel>:90:in `tap'
actionpack (7.0.3.1) lib/action_controller/metal/basic_implicit_render.rb:6:in `send_action'
actionpack (7.0.3.1) lib/abstract_controller/base.rb:215:in `process_action'
actionpack (7.0.3.1) lib/action_controller/metal/rendering.rb:53:in `process_action'
actionpack (7.0.3.1) lib/abstract_controller/callbacks.rb:234:in `block in process_action'
activesupport (7.0.3.1) lib/active_support/callbacks.rb:118:in `block in run_callbacks'
actiontext (7.0.3.1) lib/action_text/rendering.rb:20:in `with_renderer'
actiontext (7.0.3.1) lib/action_text/engine.rb:69:in `block (4 levels) in <class:Engine>'
activesupport (7.0.3.1) lib/active_support/callbacks.rb:127:in `instance_exec'
activesupport (7.0.3.1) lib/active_support/callbacks.rb:127:in `block in run_callbacks'
activesupport (7.0.3.1) lib/active_support/callbacks.rb:138:in `run_callbacks'
actionpack (7.0.3.1) lib/abstract_controller/callbacks.rb:233:in `process_action'
actionpack (7.0.3.1) lib/action_controller/metal/rescue.rb:22:in `process_action'
actionpack (7.0.3.1) lib/action_controller/metal/instrumentation.rb:67:in `block in process_action'
activesupport (7.0.3.1) lib/active_support/notifications.rb:206:in `block in instrument'
activesupport (7.0.3.1) lib/active_support/notifications/instrumenter.rb:24:in `instrument'
activesupport (7.0.3.1) lib/active_support/notifications.rb:206:in `instrument'
actionpack (7.0.3.1) lib/action_controller/metal/instrumentation.rb:66:in `process_action'
actionpack (7.0.3.1) lib/action_controller/metal/params_wrapper.rb:259:in `process_action'
activerecord (7.0.3.1) lib/active_record/railties/controller_runtime.rb:27:in `process_action'
actionpack (7.0.3.1) lib/abstract_controller/base.rb:151:in `process'
actionview (7.0.3.1) lib/action_view/rendering.rb:39:in `process'
actionpack (7.0.3.1) lib/action_controller/metal.rb:188:in `dispatch'
actionpack (7.0.3.1) lib/action_controller/metal.rb:251:in `dispatch'
actionpack (7.0.3.1) lib/action_dispatch/routing/route_set.rb:49:in `dispatch'
actionpack (7.0.3.1) lib/action_dispatch/routing/route_set.rb:32:in `serve'
actionpack (7.0.3.1) lib/action_dispatch/journey/router.rb:50:in `block in serve'
actionpack (7.0.3.1) lib/action_dispatch/journey/router.rb:32:in `each'
actionpack (7.0.3.1) lib/action_dispatch/journey/router.rb:32:in `serve'
actionpack (7.0.3.1) lib/action_dispatch/routing/route_set.rb:852:in `call'
rack (2.2.4) lib/rack/tempfile_reaper.rb:15:in `call'
rack (2.2.4) lib/rack/etag.rb:27:in `call'
rack (2.2.4) lib/rack/conditional_get.rb:27:in `call'
rack (2.2.4) lib/rack/head.rb:12:in `call'
actionpack (7.0.3.1) lib/action_dispatch/http/permissions_policy.rb:38:in `call'
actionpack (7.0.3.1) lib/action_dispatch/http/content_security_policy.rb:36:in `call'
rack (2.2.4) lib/rack/session/abstract/id.rb:266:in `context'
rack (2.2.4) lib/rack/session/abstract/id.rb:260:in `call'
actionpack (7.0.3.1) lib/action_dispatch/middleware/cookies.rb:697:in `call'
activerecord (7.0.3.1) lib/active_record/migration.rb:603:in `call'
actionpack (7.0.3.1) lib/action_dispatch/middleware/callbacks.rb:27:in `block in call'
activesupport (7.0.3.1) lib/active_support/callbacks.rb:99:in `run_callbacks'
actionpack (7.0.3.1) lib/action_dispatch/middleware/callbacks.rb:26:in `call'
actionpack (7.0.3.1) lib/action_dispatch/middleware/executor.rb:14:in `call'
actionpack (7.0.3.1) lib/action_dispatch/middleware/actionable_exceptions.rb:17:in `call'
actionpack (7.0.3.1) lib/action_dispatch/middleware/debug_exceptions.rb:28:in `call'
web-console (4.2.0) lib/web_console/middleware.rb:132:in `call_app'
web-console (4.2.0) lib/web_console/middleware.rb:28:in `block in call'
web-console (4.2.0) lib/web_console/middleware.rb:17:in `catch'
web-console (4.2.0) lib/web_console/middleware.rb:17:in `call'
actionpack (7.0.3.1) lib/action_dispatch/middleware/show_exceptions.rb:26:in `call'
railties (7.0.3.1) lib/rails/rack/logger.rb:40:in `call_app'
railties (7.0.3.1) lib/rails/rack/logger.rb:25:in `block in call'
activesupport (7.0.3.1) lib/active_support/tagged_logging.rb:114:in `block in tagged'
activesupport (7.0.3.1) lib/active_support/tagged_logging.rb:38:in `tagged'
activesupport (7.0.3.1) lib/active_support/tagged_logging.rb:114:in `tagged'
railties (7.0.3.1) lib/rails/rack/logger.rb:25:in `call'
sprockets-rails (3.4.2) lib/sprockets/rails/quiet_assets.rb:13:in `call'
actionpack (7.0.3.1) lib/action_dispatch/middleware/remote_ip.rb:93:in `call'
actionpack (7.0.3.1) lib/action_dispatch/middleware/request_id.rb:26:in `call'
rack (2.2.4) lib/rack/method_override.rb:24:in `call'
rack (2.2.4) lib/rack/runtime.rb:22:in `call'
activesupport (7.0.3.1) lib/active_support/cache/strategy/local_cache_middleware.rb:29:in `call'
actionpack (7.0.3.1) lib/action_dispatch/middleware/server_timing.rb:20:in `call'
actionpack (7.0.3.1) lib/action_dispatch/middleware/executor.rb:14:in `call'
actionpack (7.0.3.1) lib/action_dispatch/middleware/static.rb:23:in `call'
rack (2.2.4) lib/rack/sendfile.rb:110:in `call'
actionpack (7.0.3.1) lib/action_dispatch/middleware/host_authorization.rb:137:in `call'
railties (7.0.3.1) lib/rails/engine.rb:530:in `call'
puma (5.6.5) lib/puma/configuration.rb:252:in `call'
puma (5.6.5) lib/puma/request.rb:77:in `block in handle_request'
puma (5.6.5) lib/puma/thread_pool.rb:340:in `with_force_shutdown'
puma (5.6.5) lib/puma/request.rb:76:in `handle_request'
puma (5.6.5) lib/puma/server.rb:443:in `process_client'
puma (5.6.5) lib/puma/thread_pool.rb:147:in `block in spawn_thread'
Started GET "/info" for ::1 at 2022-08-24 12:20:51 +0700
Processing by HomeController#info as HTML
  Rendering layout layouts/application.html.erb
  Rendering home/info.html.erb within layouts/application
  Rendered home/info.html.erb within layouts/application (Duration: 2.6ms | Allocations: 192)
  Rendered layout layouts/application.html.erb (Duration: 20.5ms | Allocations: 3958)
Completed 200 OK in 36ms (Views: 30.8ms | Allocations: 5109)


Started GET "/info" for ::1 at 2022-08-24 12:22:47 +0700
Processing by HomeController#info as HTML
  Rendering layout layouts/application.html.erb
  Rendering home/info.html.erb within layouts/application
  Rendered home/info.html.erb within layouts/application (Duration: 0.4ms | Allocations: 19)
  Rendered layout layouts/application.html.erb (Duration: 37.6ms | Allocations: 3288)
Completed 200 OK in 43ms (Views: 39.1ms | Allocations: 3646)


Started GET "/info" for ::1 at 2022-08-24 12:23:08 +0700
Processing by HomeController#info as HTML
  Rendering layout layouts/application.html.erb
  Rendering home/info.html.erb within layouts/application
  Rendered home/info.html.erb within layouts/application (Duration: 0.2ms | Allocations: 19)
  Rendered layout layouts/application.html.erb (Duration: 84.4ms | Allocations: 11520)
Completed 200 OK in 89ms (Views: 85.9ms | Allocations: 11862)


Started GET "/info" for ::1 at 2022-08-24 12:23:09 +0700
Processing by HomeController#info as HTML
  Rendering layout layouts/application.html.erb
  Rendering home/info.html.erb within layouts/application
  Rendered home/info.html.erb within layouts/application (Duration: 0.2ms | Allocations: 19)
  Rendered layout layouts/application.html.erb (Duration: 16.2ms | Allocations: 3308)
Completed 200 OK in 23ms (Views: 19.4ms | Allocations: 3650)


Started GET "/info" for ::1 at 2022-08-24 12:23:22 +0700
Processing by HomeController#info as HTML
  Rendering layout layouts/application.html.erb
  Rendering home/info.html.erb within layouts/application
  Rendered home/info.html.erb within layouts/application (Duration: 2.8ms | Allocations: 167)
  Rendered layout layouts/application.html.erb (Duration: 30.9ms | Allocations: 3937)
Completed 200 OK in 48ms (Views: 42.6ms | Allocations: 5081)


Started GET "/info" for ::1 at 2022-08-24 12:25:00 +0700
Processing by HomeController#info as HTML
  Rendering layout layouts/application.html.erb
  Rendering home/info.html.erb within layouts/application
  Rendered home/info.html.erb within layouts/application (Duration: 2.0ms | Allocations: 299)
  Rendered layout layouts/application.html.erb (Duration: 82.1ms | Allocations: 11247)
Completed 200 OK in 100ms (Views: 93.3ms | Allocations: 12407)


Started GET "/info" for ::1 at 2022-08-24 12:25:36 +0700
Processing by HomeController#info as HTML
  Rendering layout layouts/application.html.erb
  Rendering home/info.html.erb within layouts/application
  Rendered home/info.html.erb within layouts/application (Duration: 0.2ms | Allocations: 55)
  Rendered layout layouts/application.html.erb (Duration: 74.4ms | Allocations: 10939)
Completed 200 OK in 80ms (Views: 76.7ms | Allocations: 11297)


Started GET "/info" for ::1 at 2022-08-24 12:25:52 +0700
Processing by HomeController#info as HTML
  Rendering layout layouts/application.html.erb
  Rendering home/info.html.erb within layouts/application
  Rendered home/info.html.erb within layouts/application (Duration: 0.2ms | Allocations: 55)
  Rendered layout layouts/application.html.erb (Duration: 71.4ms | Allocations: 10888)
Completed 200 OK in 83ms (Views: 79.5ms | Allocations: 11230)


Started GET "/info" for ::1 at 2022-08-24 12:26:03 +0700
Processing by HomeController#info as HTML
  Rendering layout layouts/application.html.erb
  Rendering home/info.html.erb within layouts/application
  Rendered home/info.html.erb within layouts/application (Duration: 0.2ms | Allocations: 55)
  Rendered layout layouts/application.html.erb (Duration: 91.9ms | Allocations: 10945)
Completed 200 OK in 97ms (Views: 93.4ms | Allocations: 11287)


Started GET "/info" for ::1 at 2022-08-24 12:26:17 +0700
Processing by HomeController#info as HTML
  Rendering layout layouts/application.html.erb
  Rendering home/info.html.erb within layouts/application
  Rendered home/info.html.erb within layouts/application (Duration: 0.3ms | Allocations: 55)
  Rendered layout layouts/application.html.erb (Duration: 73.1ms | Allocations: 11410)
Completed 200 OK in 79ms (Views: 74.9ms | Allocations: 11752)


Started GET "/info" for ::1 at 2022-08-24 12:27:04 +0700
Processing by HomeController#info as HTML
  Rendering layout layouts/application.html.erb
  Rendering home/info.html.erb within layouts/application
  Rendered home/info.html.erb within layouts/application (Duration: 2.4ms | Allocations: 335)
  Rendered layout layouts/application.html.erb (Duration: 20.6ms | Allocations: 4088)
Completed 200 OK in 41ms (Views: 35.1ms | Allocations: 5232)


Started GET "/info" for ::1 at 2022-08-24 12:28:08 +0700
Processing by HomeController#info as HTML
  Rendering layout layouts/application.html.erb
  Rendering home/info.html.erb within layouts/application
  Rendered home/info.html.erb within layouts/application (Duration: 2.3ms | Allocations: 332)
  Rendered layout layouts/application.html.erb (Duration: 75.1ms | Allocations: 11763)
Completed 200 OK in 93ms (Views: 87.9ms | Allocations: 12923)


Started GET "/info" for ::1 at 2022-08-24 12:28:19 +0700
Processing by HomeController#info as HTML
  Rendering layout layouts/application.html.erb
  Rendering home/info.html.erb within layouts/application
  Rendered home/info.html.erb within layouts/application (Duration: 0.3ms | Allocations: 74)
  Rendered layout layouts/application.html.erb (Duration: 77.0ms | Allocations: 11458)
Completed 200 OK in 83ms (Views: 79.2ms | Allocations: 11816)


Started GET "/info" for ::1 at 2022-08-24 12:29:51 +0700
Processing by HomeController#info as HTML
  Rendering layout layouts/application.html.erb
  Rendering home/info.html.erb within layouts/application
  Rendered home/info.html.erb within layouts/application (Duration: 0.3ms | Allocations: 74)
  Rendered layout layouts/application.html.erb (Duration: 69.4ms | Allocations: 10955)
Completed 200 OK in 75ms (Views: 70.9ms | Allocations: 11297)


Started GET "/about" for ::1 at 2022-08-24 12:29:56 +0700
Processing by HomeController#about as HTML
  Rendering layout layouts/application.html.erb
  Rendering home/about.html.erb within layouts/application
  Rendered home/about.html.erb within layouts/application (Duration: 8.1ms | Allocations: 328)
  Rendered layout layouts/application.html.erb (Duration: 24.3ms | Allocations: 3604)
Completed 200 OK in 31ms (Views: 26.3ms | Allocations: 3999)


Started GET "/" for ::1 at 2022-08-24 12:30:00 +0700
Processing by HomeController#top as HTML
  Rendering layout layouts/application.html.erb
  Rendering home/top.html.erb within layouts/application
  Rendered home/top.html.erb within layouts/application (Duration: 2.1ms | Allocations: 180)
  Rendered layout layouts/application.html.erb (Duration: 15.9ms | Allocations: 3453)
Completed 200 OK in 24ms (Views: 19.3ms | Allocations: 3848)


Started GET "/about" for ::1 at 2022-08-24 12:30:02 +0700
Processing by HomeController#about as HTML
  Rendering layout layouts/application.html.erb
  Rendering home/about.html.erb within layouts/application
  Rendered home/about.html.erb within layouts/application (Duration: 0.4ms | Allocations: 93)
  Rendered layout layouts/application.html.erb (Duration: 14.8ms | Allocations: 3390)
Completed 200 OK in 26ms (Views: 22.7ms | Allocations: 3732)


Started GET "/info" for ::1 at 2022-08-24 12:30:05 +0700
Processing by HomeController#info as HTML
  Rendering layout layouts/application.html.erb
  Rendering home/info.html.erb within layouts/application
  Rendered home/info.html.erb within layouts/application (Duration: 0.2ms | Allocations: 74)
  Rendered layout layouts/application.html.erb (Duration: 15.2ms | Allocations: 3362)
Completed 200 OK in 20ms (Views: 17.0ms | Allocations: 3704)


Started GET "/about" for ::1 at 2022-08-24 12:30:07 +0700
Processing by HomeController#about as HTML
  Rendering layout layouts/application.html.erb
  Rendering home/about.html.erb within layouts/application
  Rendered home/about.html.erb within layouts/application (Duration: 0.3ms | Allocations: 93)
  Rendered layout layouts/application.html.erb (Duration: 13.3ms | Allocations: 3387)
Completed 200 OK in 18ms (Views: 15.0ms | Allocations: 3729)


Started GET "/" for ::1 at 2022-08-24 12:30:11 +0700
Processing by HomeController#top as HTML
  Rendering layout layouts/application.html.erb
  Rendering home/top.html.erb within layouts/application
  Rendered home/top.html.erb within layouts/application (Duration: 0.2ms | Allocations: 37)
  Rendered layout layouts/application.html.erb (Duration: 14.4ms | Allocations: 3319)
Completed 200 OK in 20ms (Views: 16.1ms | Allocations: 3661)


